------------------------------------------------------------------------------------------------------------------------------------------------------------------------------------------------------
      name:  <unnamed>
       log:  C:\Users\Public\Replication\Replication\Data\logs/logfile__8_Oct_2020_14_33_07.log
  log type:  text
 opened on:   8 Oct 2020, 14:33:07

. 
. /* It will provide some info about how and when the program was run */
. /* See https://www.stata.com/manuals13/pcreturn.pdf#pcreturn */
. local variant = cond(c(MP),"MP",cond(c(SE),"SE",c(flavor)) )  

. // alternatively, you could use 
. // local variant = cond(c(stata_version)>13,c(real_flavor),"NA")  
. 
. di "=== SYSTEM DIAGNOSTICS ==="
=== SYSTEM DIAGNOSTICS ===

. di "Stata version: `c(stata_version)'"
Stata version: 14.2

. di "Updated as of: `c(born_date)'"
Updated as of: 19 Dec 2017

. di "Variant:       `variant'"
Variant:       SE

. di "Processors:    `c(processors)'"
Processors:    1

. di "OS:            `c(os)' `c(osdtl)'"
OS:            Windows 64-bit

. di "Machine type:  `c(machine_type)'"
Machine type:  PC (64-bit x86-64)

. di "=========================="
==========================

. 
. 
. /* install any packages locally */
. capture mkdir "$rootdir/ado"

. sysdir set PERSONAL "$rootdir/ado/personal"

. sysdir set PLUS     "$rootdir/ado/plus"

. sysdir set SITE     "$rootdir/ado/site"

. sysdir
   STATA:  C:\Program Files (x86)\Stata14\
    BASE:  C:\Program Files (x86)\Stata14\ado\base\
    SITE:  C:\Users\Public\Replication\Replication\Data/ado/site\
    PLUS:  C:\Users\Public\Replication\Replication\Data/ado/plus\
PERSONAL:  C:\Users\Public\Replication\Replication\Data/ado/personal\
OLDPLACE:  c:\ado\

. 
. /* add packages to the macro */
. 
. * *** Add required packages from SSC to this list ***
.     local ssc_packages ""

.     // local ssc_packages "estout boottest"
.     
.     if !missing("`ssc_packages'") {
.         foreach pkg in `ssc_packages' {
  2.             dis "Installing `pkg'"
  3.             ssc install `pkg', replace
  4.         }
.     }

. 
.     * Install packages using net
.     *  net install yaml, from("https://raw.githubusercontent.com/gslab-econ/stata-misc/master/")
. net install estout, from( http://fmwww.bc.edu/RePEc/bocode/e/)
checking estout consistency and verifying not already installed...
all files already exist and are up to date.

. /* other commands */
. 
. /* after installing all packages, it may be necessary to issue the mata mlib index command */
.         mata: mata mlib index
.mlib libraries to be searched are now
    lmatabase;lmataado;lmatafc;lmatagsem;lmatamcmc;lmataopt;lmatapath;lmatapostest;lmatapss;lmatasem

. 
. 
. set more off

. 
. clear

. set mem 500m
set memory ignored.
    Memory no longer needs to be set in modern Statas; memory adjustments are performed on the fly automatically.

. set more off

. set matsize 800

. mkdir "tables"
could not create directory tables
r(693);

end of do-file

r(693);

. do "C:\Users\Public\Replication\Replication\Data\bkm_malawi_jole_replication_SP.do"

.  * Do Job Networks Disadvantage Women? Evidence from a Recruitment Experiment in Malawi;
.  /*Created: 10/10/2016 */
.  /*Last edited: 12/22/2016*/
. /* Template config.do */
. /* Copy this file to your replication directory if using Stata, e.g.,
>     cp template-config.do replication-(netid)/config.do
> 
>    or similar, and then add
> 
>    include "config.do"
> 
>    in the author's main Stata program
> 
>    */
. 
. /* adjust this as necessary. This works on all OS when running in batch mode, but may not work in interactive mode */
. 
. local pwd : pwd

. global rootdir "`pwd'"

. global logdir "./logs"

. cap mkdir $logdir

. 
. /* check if the author creates a log file. If not, adjust the following code fragment */
. 
. local c_date = c(current_date)

. local cdate = subinstr("`c_date'", " ", "_", .)

. local c_time = c(current_time)

. local ctime = subinstr("`c_time'", ":", "_", .)

. 
. log using "$logdir/logfile_`cdate'_`ctime'.log", replace text
log file already open
r(604);

end of do-file

r(604);

. log close
      name:  <unnamed>
       log:  C:\Users\Public\Replication\Replication\Data\logs/logfile__8_Oct_2020_14_33_07.log
  log type:  text
 closed on:   8 Oct 2020, 14:34:19
------------------------------------------------------------------------------------------------------------------------------------------------------------------------------------------------------
